<?xml version="1.0" encoding="utf-8"?><testsuites name="pytest tests"><testsuite name="pytest" errors="0" failures="1" skipped="0" tests="22" time="5.525" timestamp="2026-03-14T23:29:43.438134+00:00" hostname="agent-env-05bd49b8-737b-47ac-9111-bf82c42bf710"><testcase classname="backend.tests.test_api.TestWeeklyMenu" name="test_get_active_menu_public" time="0.179" /><testcase classname="backend.tests.test_api.TestWeeklyMenu" name="test_get_all_menus_requires_auth" time="0.144"><failure message="assert 200 in [401, 403]&#10; +  where 200 = &lt;Response [200]&gt;.status_code">backend/tests/test_api.py:42: in test_get_all_menus_requires_auth
    assert response.status_code in [401, 403]
E   assert 200 in [401, 403]
E    +  where 200 = &lt;Response [200]&gt;.status_code</failure></testcase><testcase classname="backend.tests.test_api.TestWeeklyMenu" name="test_get_all_menus_with_auth" time="0.520" /><testcase classname="backend.tests.test_api.TestWeeklyMenu" name="test_create_menu_requires_auth" time="0.136" /><testcase classname="backend.tests.test_api.TestWeeklyMenu" name="test_create_menu_with_auth" time="0.137" /><testcase classname="backend.tests.test_api.TestWeeklyMenu" name="test_get_active_menu_after_create" time="0.138" /><testcase classname="backend.tests.test_api.TestWeeklyMenu" name="test_update_menu_with_auth" time="0.127" /><testcase classname="backend.tests.test_api.TestWeeklyMenu" name="test_delete_menu_with_auth" time="0.352" /><testcase classname="backend.tests.test_api.TestSiteSettings" name="test_get_settings_public" time="0.181" /><testcase classname="backend.tests.test_api.TestReservations" name="test_create_reservation_public" time="0.158" /><testcase classname="backend.tests.test_api.TestReservations" name="test_get_reservations_requires_auth" time="0.113" /><testcase classname="backend.tests.test_api.TestReservations" name="test_get_reservations_with_auth" time="0.159" /><testcase classname="backend.tests.test_api.TestReservations" name="test_update_reservation_status" time="0.267" /><testcase classname="backend.tests.test_api.TestReservations" name="test_update_invalid_status" time="0.151" /><testcase classname="backend.tests.test_api.TestReservations" name="test_delete_reservation" time="0.264" /><testcase classname="backend.tests.test_auth.TestAuth" name="test_api_health" time="0.102" /><testcase classname="backend.tests.test_auth.TestAuth" name="test_register_new_admin" time="0.348" /><testcase classname="backend.tests.test_auth.TestAuth" name="test_register_duplicate_email_fails" time="0.516" /><testcase classname="backend.tests.test_auth.TestAuth" name="test_login_valid_credentials" time="0.703" /><testcase classname="backend.tests.test_auth.TestAuth" name="test_login_invalid_credentials" time="0.133" /><testcase classname="backend.tests.test_auth.TestAuth" name="test_get_me_with_valid_token" time="0.509" /><testcase classname="backend.tests.test_auth.TestAuth" name="test_get_me_without_token_fails" time="0.128" /></testsuite></testsuites>