<?xml version="1.0" encoding="utf-8"?><testsuites name="pytest tests"><testsuite name="pytest" errors="0" failures="0" skipped="0" tests="35" time="8.551" timestamp="2026-03-15T21:24:59.201149+00:00" hostname="agent-env-6c02a2ab-7d64-4b21-afca-777fb489063c"><testcase classname="backend.tests.test_api.TestWeeklyMenu" name="test_get_active_menu_public" time="0.147" /><testcase classname="backend.tests.test_api.TestWeeklyMenu" name="test_get_all_menus_requires_auth" time="0.115" /><testcase classname="backend.tests.test_api.TestWeeklyMenu" name="test_get_all_menus_with_auth" time="0.441" /><testcase classname="backend.tests.test_api.TestWeeklyMenu" name="test_create_menu_requires_auth" time="0.098" /><testcase classname="backend.tests.test_api.TestWeeklyMenu" name="test_create_menu_with_auth" time="0.115" /><testcase classname="backend.tests.test_api.TestWeeklyMenu" name="test_get_active_menu_after_create" time="0.192" /><testcase classname="backend.tests.test_api.TestWeeklyMenu" name="test_update_menu_with_auth" time="0.125" /><testcase classname="backend.tests.test_api.TestWeeklyMenu" name="test_delete_menu_with_auth" time="0.270" /><testcase classname="backend.tests.test_api.TestSiteSettings" name="test_get_settings_public" time="0.146" /><testcase classname="backend.tests.test_api.TestReservations" name="test_create_reservation_public" time="0.105" /><testcase classname="backend.tests.test_api.TestReservations" name="test_get_reservations_requires_auth" time="0.130" /><testcase classname="backend.tests.test_api.TestReservations" name="test_get_reservations_with_auth" time="0.108" /><testcase classname="backend.tests.test_api.TestReservations" name="test_update_reservation_status" time="0.232" /><testcase classname="backend.tests.test_api.TestReservations" name="test_update_invalid_status" time="0.113" /><testcase classname="backend.tests.test_api.TestReservations" name="test_delete_reservation" time="0.246" /><testcase classname="backend.tests.test_auth.TestAuth" name="test_api_health" time="0.107" /><testcase classname="backend.tests.test_auth.TestAuth" name="test_register_requires_auth" time="0.114" /><testcase classname="backend.tests.test_auth.TestAuth" name="test_register_new_admin_with_auth" time="0.775" /><testcase classname="backend.tests.test_auth.TestAuth" name="test_register_duplicate_email_fails" time="0.919" /><testcase classname="backend.tests.test_auth.TestAuth" name="test_login_default_admin" time="0.332" /><testcase classname="backend.tests.test_auth.TestAuth" name="test_login_invalid_credentials" time="0.122" /><testcase classname="backend.tests.test_auth.TestAuth" name="test_get_me_with_valid_token" time="0.487" /><testcase classname="backend.tests.test_auth.TestAuth" name="test_get_me_without_token_fails" time="0.150" /><testcase classname="backend.tests.test_gallery.TestGalleryAPI" name="test_get_gallery_public" time="0.106" /><testcase classname="backend.tests.test_gallery.TestGalleryAPI" name="test_get_gallery_by_category_public" time="0.340" /><testcase classname="backend.tests.test_gallery.TestGalleryAPI" name="test_create_gallery_image_requires_auth" time="0.125" /><testcase classname="backend.tests.test_gallery.TestGalleryAPI" name="test_create_gallery_image_ambiance" time="0.556" /><testcase classname="backend.tests.test_gallery.TestGalleryAPI" name="test_create_gallery_image_dishes" time="0.240" /><testcase classname="backend.tests.test_gallery.TestGalleryAPI" name="test_create_gallery_image_team" time="0.150" /><testcase classname="backend.tests.test_gallery.TestGalleryAPI" name="test_update_gallery_image_requires_auth" time="0.122" /><testcase classname="backend.tests.test_gallery.TestGalleryAPI" name="test_update_gallery_image" time="0.243" /><testcase classname="backend.tests.test_gallery.TestGalleryAPI" name="test_update_nonexistent_image" time="0.111" /><testcase classname="backend.tests.test_gallery.TestGalleryAPI" name="test_delete_gallery_image_requires_auth" time="0.138" /><testcase classname="backend.tests.test_gallery.TestGalleryAPI" name="test_delete_gallery_images" time="0.657" /><testcase classname="backend.tests.test_gallery.TestGalleryAPI" name="test_delete_nonexistent_image" time="0.111" /></testsuite></testsuites>